Traceback (most recent call last):
  File "D:\Users\Christina\Programmes\envs\GRACE_GPU\lib\site-packages\jupyter_cache\executors\utils.py", line 51, in single_nb_execution
    executenb(
  File "D:\Users\Christina\Programmes\envs\GRACE_GPU\lib\site-packages\nbclient\client.py", line 1204, in execute
    return NotebookClient(nb=nb, resources=resources, km=km, **kwargs).execute()
  File "D:\Users\Christina\Programmes\envs\GRACE_GPU\lib\site-packages\nbclient\util.py", line 84, in wrapped
    return just_run(coro(*args, **kwargs))
  File "D:\Users\Christina\Programmes\envs\GRACE_GPU\lib\site-packages\nbclient\util.py", line 62, in just_run
    return loop.run_until_complete(coro)
  File "D:\Users\Christina\Programmes\envs\GRACE_GPU\lib\asyncio\base_events.py", line 647, in run_until_complete
    return future.result()
  File "D:\Users\Christina\Programmes\envs\GRACE_GPU\lib\site-packages\nbclient\client.py", line 663, in async_execute
    await self.async_execute_cell(
  File "D:\Users\Christina\Programmes\envs\GRACE_GPU\lib\site-packages\nbclient\client.py", line 965, in async_execute_cell
    await self._check_raise_for_error(cell, cell_index, exec_reply)
  File "D:\Users\Christina\Programmes\envs\GRACE_GPU\lib\site-packages\nbclient\client.py", line 862, in _check_raise_for_error
    raise CellExecutionError.from_cell_and_msg(cell, exec_reply_content)
nbclient.exceptions.CellExecutionError: An error occurred while executing the following cell:
------------------
eval_dataloader, eval_examples = DATALOADER_DICT[task_name]["eval"](args, tokenizer, path_to_reformatted_data, label_tp_list=label_tp_list, set_type="val")
------------------

[1;31m---------------------------------------------------------------------------[0m
[1;31mUnicodeDecodeError[0m                        Traceback (most recent call last)
Cell [1;32mIn[29], line 1[0m
[1;32m----> 1[0m eval_dataloader, eval_examples [38;5;241m=[39m [43mDATALOADER_DICT[49m[43m[[49m[43mtask_name[49m[43m][49m[43m[[49m[38;5;124;43m"[39;49m[38;5;124;43meval[39;49m[38;5;124;43m"[39;49m[43m][49m[43m([49m[43margs[49m[43m,[49m[43m [49m[43mtokenizer[49m[43m,[49m[43m [49m[43mpath_to_reformatted_data[49m[43m,[49m[43m [49m[43mlabel_tp_list[49m[38;5;241;43m=[39;49m[43mlabel_tp_list[49m[43m,[49m[43m [49m[43mset_type[49m[38;5;241;43m=[39;49m[38;5;124;43m"[39;49m[38;5;124;43mval[39;49m[38;5;124;43m"[39;49m[43m)[49m

Cell [1;32mIn[6], line 3[0m, in [0;36mdataloader_val[1;34m(args, tokenizer, file_path, label_tp_list, set_type)[0m
[0;32m      1[0m [38;5;28;01mdef[39;00m [38;5;21mdataloader_val[39m(args, tokenizer, file_path, label_tp_list, set_type[38;5;241m=[39m[38;5;124m"[39m[38;5;124mval[39m[38;5;124m"[39m):
[1;32m----> 3[0m     dataset [38;5;241m=[39m [43mATEASCProcessor[49m[43m([49m[43mfile_path[49m[38;5;241;43m=[39;49m[43mfile_path[49m[43m,[49m[43m [49m[43mset_type[49m[38;5;241;43m=[39;49m[43mset_type[49m[43m)[49m
[0;32m      4[0m     [38;5;28mprint[39m([38;5;124m"[39m[38;5;124mLoaded val file: [39m[38;5;132;01m{}[39;00m[38;5;124m"[39m[38;5;241m.[39mformat(file_path))
[0;32m      6[0m     eval_features [38;5;241m=[39m convert_examples_to_features(dataset[38;5;241m.[39mexamples, label_tp_list,
[0;32m      7[0m                                                  args[38;5;241m.[39mmax_seq_length, tokenizer, verbose_logging[38;5;241m=[39m[38;5;28;01mFalse[39;00m)

File [1;32mD:\Users\Christina\Documents\gitlab_vscode\sentiment-analysis\book\../GRACE\ate_asc_features.py:49[0m, in [0;36mATEASCProcessor.__init__[1;34m(self, file_path, set_type)[0m
[0;32m     48[0m [38;5;28;01mdef[39;00m [38;5;21m__init__[39m([38;5;28mself[39m, file_path, set_type):
[1;32m---> 49[0m     corpus_tp, label_tp_list [38;5;241m=[39m [38;5;28;43mself[39;49m[38;5;241;43m.[39;49m[43m_readfile[49m[43m([49m[43mfile_path[49m[43m)[49m
[0;32m     50[0m     examples [38;5;241m=[39m [38;5;28mself[39m[38;5;241m.[39m_create_examples(corpus_tp, set_type)
[0;32m     51[0m     [38;5;28mself[39m[38;5;241m.[39mexamples [38;5;241m=[39m examples

File [1;32mD:\Users\Christina\Documents\gitlab_vscode\sentiment-analysis\book\../GRACE\ate_asc_features.py:61[0m, in [0;36mATEASCProcessor._readfile[1;34m(self, filename)[0m
[0;32m     59[0m sentence [38;5;241m=[39m []
[0;32m     60[0m label [38;5;241m=[39m []
[1;32m---> 61[0m [38;5;28;01mfor[39;00m line [38;5;129;01min[39;00m f:
[0;32m     62[0m     line [38;5;241m=[39m line[38;5;241m.[39mstrip()
[0;32m     63[0m     line [38;5;241m=[39m line[38;5;241m.[39mreplace([38;5;124m"[39m[38;5;130;01m\t[39;00m[38;5;124m"[39m, [38;5;124m"[39m[38;5;124m [39m[38;5;124m"[39m)

File [1;32mD:\Users\Christina\Programmes\envs\GRACE_GPU\lib\codecs.py:322[0m, in [0;36mBufferedIncrementalDecoder.decode[1;34m(self, input, final)[0m
[0;32m    319[0m [38;5;28;01mdef[39;00m [38;5;21mdecode[39m([38;5;28mself[39m, [38;5;28minput[39m, final[38;5;241m=[39m[38;5;28;01mFalse[39;00m):
[0;32m    320[0m     [38;5;66;03m# decode input (taking the buffer into account)[39;00m
[0;32m    321[0m     data [38;5;241m=[39m [38;5;28mself[39m[38;5;241m.[39mbuffer [38;5;241m+[39m [38;5;28minput[39m
[1;32m--> 322[0m     (result, consumed) [38;5;241m=[39m [38;5;28;43mself[39;49m[38;5;241;43m.[39;49m[43m_buffer_decode[49m[43m([49m[43mdata[49m[43m,[49m[43m [49m[38;5;28;43mself[39;49m[38;5;241;43m.[39;49m[43merrors[49m[43m,[49m[43m [49m[43mfinal[49m[43m)[49m
[0;32m    323[0m     [38;5;66;03m# keep undecoded input until the next call[39;00m
[0;32m    324[0m     [38;5;28mself[39m[38;5;241m.[39mbuffer [38;5;241m=[39m data[consumed:]

[1;31mUnicodeDecodeError[0m: 'utf-8' codec can't decode byte 0x92 in position 2799: invalid start byte
UnicodeDecodeError: 'utf-8' codec can't decode byte 0x92 in position 2799: invalid start byte

